<?xml version="1.0" encoding="UTF-8"?>
<testng-results ignored="0" total="2" passed="2" failed="0" skipped="0">
  <reporter-output>
  </reporter-output>
  <suite started-at="2025-09-04T10:28:32 IST" name="Suite" finished-at="2025-09-04T10:28:42 IST" duration-ms="9430">
    <groups>
    </groups>
    <test started-at="2025-09-04T10:28:32 IST" name="Functional Tests" finished-at="2025-09-04T10:28:42 IST" duration-ms="9430">
      <class name="tests.LoginTest">
        <test-method is-config="true" signature="setUp()[pri:0, instance:tests.LoginTest@38ba6ce3]" started-at="2025-09-04T10:28:32 IST" name="setUp" finished-at="2025-09-04T10:28:36 IST" duration-ms="3216" status="PASS">
          <reporter-output>
          </reporter-output>
        </test-method> <!-- setUp -->
        <test-method signature="loginWorks()[pri:0, instance:tests.LoginTest@38ba6ce3]" started-at="2025-09-04T10:28:36 IST" name="loginWorks" finished-at="2025-09-04T10:28:38 IST" duration-ms="2458" status="PASS">
          <reporter-output>
          </reporter-output>
        </test-method> <!-- loginWorks -->
        <test-method is-config="true" signature="tearDown()[pri:0, instance:tests.LoginTest@38ba6ce3]" started-at="2025-09-04T10:28:38 IST" name="tearDown" finished-at="2025-09-04T10:28:38 IST" duration-ms="136" status="PASS">
          <reporter-output>
          </reporter-output>
        </test-method> <!-- tearDown -->
      </class> <!-- tests.LoginTest -->
      <class name="tests.CartTest">
        <test-method is-config="true" signature="setUp()[pri:0, instance:tests.CartTest@7d9e8ef7]" started-at="2025-09-04T10:28:38 IST" name="setUp" finished-at="2025-09-04T10:28:40 IST" duration-ms="1222" status="PASS">
          <reporter-output>
          </reporter-output>
        </test-method> <!-- setUp -->
        <test-method signature="addItemsToCart()[pri:0, instance:tests.CartTest@7d9e8ef7]" started-at="2025-09-04T10:28:40 IST" name="addItemsToCart" finished-at="2025-09-04T10:28:42 IST" duration-ms="1956" status="PASS">
          <reporter-output>
          </reporter-output>
        </test-method> <!-- addItemsToCart -->
        <test-method is-config="true" signature="tearDown()[pri:0, instance:tests.CartTest@7d9e8ef7]" started-at="2025-09-04T10:28:42 IST" name="tearDown" finished-at="2025-09-04T10:28:42 IST" duration-ms="128" status="PASS">
          <reporter-output>
          </reporter-output>
        </test-method> <!-- tearDown -->
      </class> <!-- tests.CartTest -->
    </test> <!-- Functional Tests -->
  </suite> <!-- Suite -->
</testng-results>
