<?xml version="1.0" encoding="UTF-8"?>
<testng-results ignored="0" total="2" passed="2" failed="0" skipped="0">
  <reporter-output>
  </reporter-output>
  <suite started-at="2025-09-04T00:05:08 IST" name="Suite" finished-at="2025-09-04T00:05:19 IST" duration-ms="10227">
    <groups>
    </groups>
    <test started-at="2025-09-04T00:05:08 IST" name="Functional Tests" finished-at="2025-09-04T00:05:19 IST" duration-ms="10227">
      <class name="tests.LoginTest">
        <test-method is-config="true" signature="setUp()[pri:0, instance:tests.LoginTest@babafc2]" started-at="2025-09-04T00:05:15 IST" name="setUp" finished-at="2025-09-04T00:05:16 IST" duration-ms="1414" status="PASS">
          <reporter-output>
          </reporter-output>
        </test-method> <!-- setUp -->
        <test-method signature="loginWorks()[pri:0, instance:tests.LoginTest@babafc2]" started-at="2025-09-04T00:05:16 IST" name="loginWorks" finished-at="2025-09-04T00:05:18 IST" duration-ms="1748" status="PASS">
          <reporter-output>
          </reporter-output>
        </test-method> <!-- loginWorks -->
        <test-method is-config="true" signature="tearDown()[pri:0, instance:tests.LoginTest@babafc2]" started-at="2025-09-04T00:05:18 IST" name="tearDown" finished-at="2025-09-04T00:05:19 IST" duration-ms="126" status="PASS">
          <reporter-output>
          </reporter-output>
        </test-method> <!-- tearDown -->
      </class> <!-- tests.LoginTest -->
      <class name="tests.CartTest">
        <test-method is-config="true" signature="setUp()[pri:0, instance:tests.CartTest@59e32960]" started-at="2025-09-04T00:05:08 IST" name="setUp" finished-at="2025-09-04T00:05:12 IST" duration-ms="3169" status="PASS">
          <reporter-output>
          </reporter-output>
        </test-method> <!-- setUp -->
        <test-method signature="addItemsToCart()[pri:0, instance:tests.CartTest@59e32960]" started-at="2025-09-04T00:05:12 IST" name="addItemsToCart" finished-at="2025-09-04T00:05:15 IST" duration-ms="3259" status="PASS">
          <reporter-output>
          </reporter-output>
        </test-method> <!-- addItemsToCart -->
        <test-method is-config="true" signature="tearDown()[pri:0, instance:tests.CartTest@59e32960]" started-at="2025-09-04T00:05:15 IST" name="tearDown" finished-at="2025-09-04T00:05:15 IST" duration-ms="145" status="PASS">
          <reporter-output>
          </reporter-output>
        </test-method> <!-- tearDown -->
      </class> <!-- tests.CartTest -->
    </test> <!-- Functional Tests -->
  </suite> <!-- Suite -->
</testng-results>
